\BOOKMARK [1][-]{section*.1}{Basic Configuration}{}% 1
\BOOKMARK [2][-]{section*.2}{Initial Commands}{section*.1}% 2
\BOOKMARK [2][-]{section*.3}{Secure Management Access}{section*.1}% 3
\BOOKMARK [2][-]{section*.4}{VLAN}{section*.1}% 4
\BOOKMARK [2][-]{section*.5}{Access Control Lists}{section*.1}% 5
\BOOKMARK [1][-]{section*.6}{Spanning Tree}{}% 6
\BOOKMARK [1][-]{section*.7}{Link Aggregation}{}% 7
\BOOKMARK [2][-]{section*.8}{Configure Interfaces}{section*.7}% 8
\BOOKMARK [2][-]{section*.9}{Verify Link Aggregation}{section*.7}% 9
\BOOKMARK [1][-]{section*.10}{OSPF}{}% 10
\BOOKMARK [2][-]{section*.11}{Single-Area OSPF}{section*.10}% 11
\BOOKMARK [2][-]{section*.12}{Single-Area OSPFv3}{section*.10}% 12
\BOOKMARK [2][-]{section*.13}{Verifying Single-Area OSPF}{section*.10}% 13
\BOOKMARK [1][-]{section*.14}{Configure PPP}{}% 14
\BOOKMARK [2][-]{section*.15}{Basic PPP Configuration}{section*.14}% 15
\BOOKMARK [2][-]{section*.16}{Basic PPP Compression}{section*.14}% 16
\BOOKMARK [2][-]{section*.17}{Basic PPP Link Quality Control}{section*.14}% 17
\BOOKMARK [2][-]{section*.18}{Basic PPP Link Quality Control}{section*.14}% 18
\BOOKMARK [2][-]{section*.19}{Basic PPP PAP Authentication}{section*.14}% 19
\BOOKMARK [2][-]{section*.20}{Basic PPP CHAP Authentication}{section*.14}% 20
\BOOKMARK [2][-]{section*.21}{Troubleshoot PPP}{section*.14}% 21
\BOOKMARK [2][-]{section*.22}{Verifying PPP Connection}{section*.14}% 22
